<?xml version="1.0" encoding="UTF-8"?>
<coverage generated="1692524553703" clover="3.2.0">
  <project timestamp="1692524553703" name="All files">
    <metrics statements="23" coveredstatements="23" conditionals="18" coveredconditionals="16" methods="2" coveredmethods="2" elements="43" coveredelements="41" complexity="0" loc="23" ncloc="23" packages="1" files="1" classes="1"/>
    <file name="index.js" path="/Users/pavelsafronov/Downloads/Hexlet-projects/frontend-project-46/index.js">
      <metrics statements="23" coveredstatements="23" conditionals="18" coveredconditionals="16" methods="2" coveredmethods="2"/>
      <line num="5" count="1" type="stmt"/>
      <line num="6" count="1" type="stmt"/>
      <line num="7" count="1" type="stmt"/>
      <line num="8" count="1" type="stmt"/>
      <line num="9" count="1" type="stmt"/>
      <line num="10" count="1" type="stmt"/>
      <line num="12" count="1" type="stmt"/>
      <line num="14" count="1" type="stmt"/>
      <line num="15" count="5" type="cond" truecount="2" falsecount="0"/>
      <line num="16" count="1" type="stmt"/>
      <line num="17" count="4" type="cond" truecount="2" falsecount="0"/>
      <line num="18" count="2" type="stmt"/>
      <line num="19" count="2" type="cond" truecount="2" falsecount="0"/>
      <line num="20" count="1" type="stmt"/>
      <line num="21" count="1" type="stmt"/>
      <line num="22" count="1" type="cond" truecount="1" falsecount="1"/>
      <line num="23" count="1" type="stmt"/>
      <line num="27" count="1" type="stmt"/>
      <line num="28" count="6" type="cond" truecount="2" falsecount="0"/>
      <line num="29" count="5" type="cond" truecount="2" falsecount="0"/>
      <line num="30" count="3" type="cond" truecount="2" falsecount="0"/>
      <line num="31" count="2" type="cond" truecount="2" falsecount="0"/>
      <line num="32" count="1" type="cond" truecount="1" falsecount="1"/>
    </file>
  </project>
</coverage>
