<?xml version="1.0" encoding="UTF-8"?>
<coverage generated="1692540022336" clover="3.2.0">
  <project timestamp="1692540022336" name="All files">
    <metrics statements="30" coveredstatements="28" conditionals="22" coveredconditionals="18" methods="3" coveredmethods="3" elements="55" coveredelements="49" complexity="0" loc="30" ncloc="30" packages="1" files="2" classes="2"/>
    <file name="index.js" path="/Users/pavelsafronov/Downloads/Hexlet-projects/frontend-project-46/index.js">
      <metrics statements="23" coveredstatements="23" conditionals="18" coveredconditionals="16" methods="2" coveredmethods="2"/>
      <line num="7" count="1" type="stmt"/>
      <line num="8" count="2" type="stmt"/>
      <line num="9" count="2" type="stmt"/>
      <line num="10" count="2" type="stmt"/>
      <line num="11" count="2" type="stmt"/>
      <line num="12" count="2" type="stmt"/>
      <line num="14" count="2" type="stmt"/>
      <line num="16" count="2" type="stmt"/>
      <line num="17" count="10" type="cond" truecount="2" falsecount="0"/>
      <line num="18" count="2" type="stmt"/>
      <line num="19" count="8" type="cond" truecount="2" falsecount="0"/>
      <line num="20" count="4" type="stmt"/>
      <line num="21" count="4" type="cond" truecount="2" falsecount="0"/>
      <line num="22" count="2" type="stmt"/>
      <line num="23" count="2" type="stmt"/>
      <line num="24" count="2" type="cond" truecount="1" falsecount="1"/>
      <line num="25" count="2" type="stmt"/>
      <line num="29" count="2" type="stmt"/>
      <line num="30" count="12" type="cond" truecount="2" falsecount="0"/>
      <line num="31" count="10" type="cond" truecount="2" falsecount="0"/>
      <line num="32" count="6" type="cond" truecount="2" falsecount="0"/>
      <line num="33" count="4" type="cond" truecount="2" falsecount="0"/>
      <line num="34" count="2" type="cond" truecount="1" falsecount="1"/>
    </file>
    <file name="parsers.js" path="/Users/pavelsafronov/Downloads/Hexlet-projects/frontend-project-46/parsers.js">
      <metrics statements="7" coveredstatements="5" conditionals="4" coveredconditionals="2" methods="1" coveredmethods="1"/>
      <line num="5" count="1" type="stmt"/>
      <line num="6" count="4" type="stmt"/>
      <line num="8" count="4" type="cond" truecount="2" falsecount="2"/>
      <line num="10" count="2" type="stmt"/>
      <line num="12" count="0" type="stmt"/>
      <line num="14" count="2" type="stmt"/>
      <line num="16" count="0" type="stmt"/>
    </file>
  </project>
</coverage>
