{"/Users/pavelsafronov/Downloads/Hexlet-projects/frontend-project-46/index.js": {"path":"/Users/pavelsafronov/Downloads/Hexlet-projects/frontend-project-46/index.js","statementMap":{"0":{"start":{"line":7,"column":16},"end":{"line":36,"column":1}},"1":{"start":{"line":8,"column":24},"end":{"line":8,"column":65}},"2":{"start":{"line":9,"column":25},"end":{"line":9,"column":67}},"3":{"start":{"line":10,"column":15},"end":{"line":10,"column":46}},"4":{"start":{"line":11,"column":15},"end":{"line":11,"column":48}},"5":{"start":{"line":12,"column":17},"end":{"line":12,"column":19}},"6":{"start":{"line":14,"column":15},"end":{"line":14,"column":55}},"7":{"start":{"line":16,"column":2},"end":{"line":27,"column":3}},"8":{"start":{"line":17,"column":4},"end":{"line":26,"column":5}},"9":{"start":{"line":18,"column":6},"end":{"line":18,"column":67}},"10":{"start":{"line":19,"column":11},"end":{"line":26,"column":5}},"11":{"start":{"line":20,"column":6},"end":{"line":20,"column":69}},"12":{"start":{"line":21,"column":11},"end":{"line":26,"column":5}},"13":{"start":{"line":22,"column":6},"end":{"line":22,"column":65}},"14":{"start":{"line":23,"column":6},"end":{"line":23,"column":64}},"15":{"start":{"line":24,"column":11},"end":{"line":26,"column":5}},"16":{"start":{"line":25,"column":6},"end":{"line":25,"column":71}},"17":{"start":{"line":29,"column":2},"end":{"line":35,"column":17}},"18":{"start":{"line":30,"column":4},"end":{"line":30,"column":71}},"19":{"start":{"line":30,"column":33},"end":{"line":30,"column":71}},"20":{"start":{"line":31,"column":4},"end":{"line":31,"column":73}},"21":{"start":{"line":31,"column":35},"end":{"line":31,"column":73}},"22":{"start":{"line":32,"column":4},"end":{"line":32,"column":69}},"23":{"start":{"line":32,"column":31},"end":{"line":32,"column":69}},"24":{"start":{"line":33,"column":4},"end":{"line":33,"column":68}},"25":{"start":{"line":33,"column":30},"end":{"line":33,"column":68}},"26":{"start":{"line":34,"column":4},"end":{"line":34,"column":75}},"27":{"start":{"line":34,"column":37},"end":{"line":34,"column":75}}},"fnMap":{"0":{"name":"(anonymous_0)","decl":{"start":{"line":7,"column":16},"end":{"line":7,"column":17}},"loc":{"start":{"line":7,"column":43},"end":{"line":36,"column":1}},"line":7},"1":{"name":"(anonymous_1)","decl":{"start":{"line":29,"column":20},"end":{"line":29,"column":21}},"loc":{"start":{"line":29,"column":30},"end":{"line":35,"column":3}},"line":29}},"branchMap":{"0":{"loc":{"start":{"line":17,"column":4},"end":{"line":26,"column":5}},"type":"if","locations":[{"start":{"line":17,"column":4},"end":{"line":26,"column":5}},{"start":{"line":19,"column":11},"end":{"line":26,"column":5}}],"line":17},"1":{"loc":{"start":{"line":19,"column":11},"end":{"line":26,"column":5}},"type":"if","locations":[{"start":{"line":19,"column":11},"end":{"line":26,"column":5}},{"start":{"line":21,"column":11},"end":{"line":26,"column":5}}],"line":19},"2":{"loc":{"start":{"line":21,"column":11},"end":{"line":26,"column":5}},"type":"if","locations":[{"start":{"line":21,"column":11},"end":{"line":26,"column":5}},{"start":{"line":24,"column":11},"end":{"line":26,"column":5}}],"line":21},"3":{"loc":{"start":{"line":24,"column":11},"end":{"line":26,"column":5}},"type":"if","locations":[{"start":{"line":24,"column":11},"end":{"line":26,"column":5}},{"start":{},"end":{}}],"line":24},"4":{"loc":{"start":{"line":30,"column":4},"end":{"line":30,"column":71}},"type":"if","locations":[{"start":{"line":30,"column":4},"end":{"line":30,"column":71}},{"start":{},"end":{}}],"line":30},"5":{"loc":{"start":{"line":31,"column":4},"end":{"line":31,"column":73}},"type":"if","locations":[{"start":{"line":31,"column":4},"end":{"line":31,"column":73}},{"start":{},"end":{}}],"line":31},"6":{"loc":{"start":{"line":32,"column":4},"end":{"line":32,"column":69}},"type":"if","locations":[{"start":{"line":32,"column":4},"end":{"line":32,"column":69}},{"start":{},"end":{}}],"line":32},"7":{"loc":{"start":{"line":33,"column":4},"end":{"line":33,"column":68}},"type":"if","locations":[{"start":{"line":33,"column":4},"end":{"line":33,"column":68}},{"start":{},"end":{}}],"line":33},"8":{"loc":{"start":{"line":34,"column":4},"end":{"line":34,"column":75}},"type":"if","locations":[{"start":{"line":34,"column":4},"end":{"line":34,"column":75}},{"start":{},"end":{}}],"line":34}},"s":{"0":1,"1":2,"2":2,"3":2,"4":2,"5":2,"6":2,"7":2,"8":10,"9":2,"10":8,"11":4,"12":4,"13":2,"14":2,"15":2,"16":2,"17":2,"18":12,"19":2,"20":10,"21":4,"22":6,"23":2,"24":4,"25":2,"26":2,"27":2},"f":{"0":2,"1":12},"b":{"0":[2,8],"1":[4,4],"2":[2,2],"3":[2,0],"4":[2,10],"5":[4,6],"6":[2,4],"7":[2,2],"8":[2,0]},"_coverageSchema":"1a1c01bbd47fc00a2c39e90264f33305004495a9","hash":"3e028a0dbb2acf33d6a6f894d92c5f7b2e00e7bd"}
,"/Users/pavelsafronov/Downloads/Hexlet-projects/frontend-project-46/parsers.js": {"path":"/Users/pavelsafronov/Downloads/Hexlet-projects/frontend-project-46/parsers.js","statementMap":{"0":{"start":{"line":5,"column":14},"end":{"line":18,"column":1}},"1":{"start":{"line":6,"column":14},"end":{"line":6,"column":36}},"2":{"start":{"line":8,"column":2},"end":{"line":17,"column":3}},"3":{"start":{"line":10,"column":6},"end":{"line":10,"column":34}},"4":{"start":{"line":12,"column":6},"end":{"line":12,"column":33}},"5":{"start":{"line":14,"column":6},"end":{"line":14,"column":33}},"6":{"start":{"line":16,"column":6},"end":{"line":16,"column":58}}},"fnMap":{"0":{"name":"(anonymous_0)","decl":{"start":{"line":5,"column":14},"end":{"line":5,"column":15}},"loc":{"start":{"line":5,"column":38},"end":{"line":18,"column":1}},"line":5}},"branchMap":{"0":{"loc":{"start":{"line":8,"column":2},"end":{"line":17,"column":3}},"type":"switch","locations":[{"start":{"line":9,"column":4},"end":{"line":10,"column":34}},{"start":{"line":11,"column":4},"end":{"line":12,"column":33}},{"start":{"line":13,"column":4},"end":{"line":14,"column":33}},{"start":{"line":15,"column":4},"end":{"line":16,"column":58}}],"line":8}},"s":{"0":1,"1":4,"2":4,"3":2,"4":0,"5":2,"6":0},"f":{"0":4},"b":{"0":[2,0,2,0]},"_coverageSchema":"1a1c01bbd47fc00a2c39e90264f33305004495a9","hash":"6d6c743ee3dc643ca5f1f00635a3956899c455dd"}
}
