{"/Users/pavelsafronov/Downloads/Hexlet-projects/frontend-project-46/index.js": {"path":"/Users/pavelsafronov/Downloads/Hexlet-projects/frontend-project-46/index.js","all":false,"statementMap":{"0":{"start":{"line":1,"column":0},"end":{"line":1,"column":0}},"1":{"start":{"line":2,"column":0},"end":{"line":2,"column":20}},"2":{"start":{"line":3,"column":0},"end":{"line":3,"column":26}},"3":{"start":{"line":4,"column":0},"end":{"line":4,"column":0}},"4":{"start":{"line":5,"column":0},"end":{"line":5,"column":44}},"5":{"start":{"line":6,"column":0},"end":{"line":6,"column":66}},"6":{"start":{"line":7,"column":0},"end":{"line":7,"column":68}},"7":{"start":{"line":8,"column":0},"end":{"line":8,"column":41}},"8":{"start":{"line":9,"column":0},"end":{"line":9,"column":42}},"9":{"start":{"line":10,"column":0},"end":{"line":10,"column":20}},"10":{"start":{"line":11,"column":0},"end":{"line":11,"column":0}},"11":{"start":{"line":12,"column":0},"end":{"line":12,"column":56}},"12":{"start":{"line":13,"column":0},"end":{"line":13,"column":0}},"13":{"start":{"line":14,"column":0},"end":{"line":14,"column":27}},"14":{"start":{"line":15,"column":0},"end":{"line":15,"column":36}},"15":{"start":{"line":16,"column":0},"end":{"line":16,"column":67}},"16":{"start":{"line":17,"column":0},"end":{"line":17,"column":43}},"17":{"start":{"line":18,"column":0},"end":{"line":18,"column":69}},"18":{"start":{"line":19,"column":0},"end":{"line":19,"column":41}},"19":{"start":{"line":20,"column":0},"end":{"line":20,"column":65}},"20":{"start":{"line":21,"column":0},"end":{"line":21,"column":64}},"21":{"start":{"line":22,"column":0},"end":{"line":22,"column":41}},"22":{"start":{"line":23,"column":0},"end":{"line":23,"column":71}},"23":{"start":{"line":24,"column":0},"end":{"line":24,"column":5}},"24":{"start":{"line":25,"column":0},"end":{"line":25,"column":3}},"25":{"start":{"line":26,"column":0},"end":{"line":26,"column":0}},"26":{"start":{"line":27,"column":0},"end":{"line":27,"column":31}},"27":{"start":{"line":28,"column":0},"end":{"line":28,"column":71}},"28":{"start":{"line":29,"column":0},"end":{"line":29,"column":73}},"29":{"start":{"line":30,"column":0},"end":{"line":30,"column":69}},"30":{"start":{"line":31,"column":0},"end":{"line":31,"column":68}},"31":{"start":{"line":32,"column":0},"end":{"line":32,"column":75}},"32":{"start":{"line":33,"column":0},"end":{"line":33,"column":17}},"33":{"start":{"line":34,"column":0},"end":{"line":34,"column":2}},"34":{"start":{"line":35,"column":0},"end":{"line":35,"column":23}}},"s":{"0":1,"1":1,"2":1,"3":1,"4":1,"5":1,"6":1,"7":1,"8":1,"9":1,"10":1,"11":1,"12":1,"13":1,"14":5,"15":1,"16":5,"17":2,"18":2,"19":1,"20":1,"21":1,"22":1,"23":1,"24":5,"25":1,"26":1,"27":6,"28":6,"29":6,"30":6,"31":1,"32":1,"33":1,"34":1},"branchMap":{"0":{"type":"branch","line":5,"loc":{"start":{"line":5,"column":16},"end":{"line":34,"column":2}},"locations":[{"start":{"line":5,"column":16},"end":{"line":34,"column":2}}]},"1":{"type":"branch","line":14,"loc":{"start":{"line":14,"column":26},"end":{"line":25,"column":3}},"locations":[{"start":{"line":14,"column":26},"end":{"line":25,"column":3}}]},"2":{"type":"branch","line":15,"loc":{"start":{"line":15,"column":35},"end":{"line":17,"column":5}},"locations":[{"start":{"line":15,"column":35},"end":{"line":17,"column":5}}]},"3":{"type":"branch","line":17,"loc":{"start":{"line":17,"column":5},"end":{"line":24,"column":5}},"locations":[{"start":{"line":17,"column":5},"end":{"line":24,"column":5}}]},"4":{"type":"branch","line":17,"loc":{"start":{"line":17,"column":42},"end":{"line":24,"column":5}},"locations":[{"start":{"line":17,"column":42},"end":{"line":24,"column":5}}]},"5":{"type":"branch","line":19,"loc":{"start":{"line":19,"column":40},"end":{"line":24,"column":5}},"locations":[{"start":{"line":19,"column":40},"end":{"line":24,"column":5}}]},"6":{"type":"branch","line":27,"loc":{"start":{"line":27,"column":21},"end":{"line":33,"column":3}},"locations":[{"start":{"line":27,"column":21},"end":{"line":33,"column":3}}]},"7":{"type":"branch","line":28,"loc":{"start":{"line":28,"column":33},"end":{"line":28,"column":71}},"locations":[{"start":{"line":28,"column":33},"end":{"line":28,"column":71}}]},"8":{"type":"branch","line":28,"loc":{"start":{"line":28,"column":70},"end":{"line":29,"column":35}},"locations":[{"start":{"line":28,"column":70},"end":{"line":29,"column":35}}]},"9":{"type":"branch","line":29,"loc":{"start":{"line":29,"column":35},"end":{"line":29,"column":73}},"locations":[{"start":{"line":29,"column":35},"end":{"line":29,"column":73}}]},"10":{"type":"branch","line":29,"loc":{"start":{"line":29,"column":72},"end":{"line":30,"column":31}},"locations":[{"start":{"line":29,"column":72},"end":{"line":30,"column":31}}]},"11":{"type":"branch","line":30,"loc":{"start":{"line":30,"column":31},"end":{"line":30,"column":69}},"locations":[{"start":{"line":30,"column":31},"end":{"line":30,"column":69}}]},"12":{"type":"branch","line":30,"loc":{"start":{"line":30,"column":68},"end":{"line":31,"column":30}},"locations":[{"start":{"line":30,"column":68},"end":{"line":31,"column":30}}]},"13":{"type":"branch","line":31,"loc":{"start":{"line":31,"column":30},"end":{"line":32,"column":75}},"locations":[{"start":{"line":31,"column":30},"end":{"line":32,"column":75}}]}},"b":{"0":[1],"1":[5],"2":[1],"3":[4],"4":[2],"5":[1],"6":[6],"7":[1],"8":[5],"9":[2],"10":[3],"11":[1],"12":[2],"13":[1]},"fnMap":{"0":{"name":"genDiff","decl":{"start":{"line":5,"column":16},"end":{"line":34,"column":2}},"loc":{"start":{"line":5,"column":16},"end":{"line":34,"column":2}},"line":5}},"f":{"0":1}}
}
