TN:
SF:index.js
FN:5,(anonymous_0)
FN:27,(anonymous_1)
FNF:2
FNH:2
FNDA:1,(anonymous_0)
FNDA:6,(anonymous_1)
DA:5,1
DA:6,1
DA:7,1
DA:8,1
DA:9,1
DA:10,1
DA:12,1
DA:14,1
DA:15,5
DA:16,1
DA:17,4
DA:18,2
DA:19,2
DA:20,1
DA:21,1
DA:22,1
DA:23,1
DA:27,1
DA:28,6
DA:29,5
DA:30,3
DA:31,2
DA:32,1
LF:23
LH:23
BRDA:15,0,0,1
BRDA:15,0,1,4
BRDA:17,1,0,2
BRDA:17,1,1,2
BRDA:19,2,0,1
BRDA:19,2,1,1
BRDA:22,3,0,1
BRDA:22,3,1,0
BRDA:28,4,0,1
BRDA:28,4,1,5
BRDA:29,5,0,2
BRDA:29,5,1,3
BRDA:30,6,0,1
BRDA:30,6,1,2
BRDA:31,7,0,1
BRDA:31,7,1,1
BRDA:32,8,0,1
BRDA:32,8,1,0
BRF:18
BRH:16
end_of_record
