TN:
SF:index.js
FN:7,(anonymous_0)
FN:29,(anonymous_1)
FNF:2
FNH:2
FNDA:2,(anonymous_0)
FNDA:12,(anonymous_1)
DA:7,1
DA:8,2
DA:9,2
DA:10,2
DA:11,2
DA:12,2
DA:14,2
DA:16,2
DA:17,10
DA:18,2
DA:19,8
DA:20,4
DA:21,4
DA:22,2
DA:23,2
DA:24,2
DA:25,2
DA:29,2
DA:30,12
DA:31,10
DA:32,6
DA:33,4
DA:34,2
LF:23
LH:23
BRDA:17,0,0,2
BRDA:17,0,1,8
BRDA:19,1,0,4
BRDA:19,1,1,4
BRDA:21,2,0,2
BRDA:21,2,1,2
BRDA:24,3,0,2
BRDA:24,3,1,0
BRDA:30,4,0,2
BRDA:30,4,1,10
BRDA:31,5,0,4
BRDA:31,5,1,6
BRDA:32,6,0,2
BRDA:32,6,1,4
BRDA:33,7,0,2
BRDA:33,7,1,2
BRDA:34,8,0,2
BRDA:34,8,1,0
BRF:18
BRH:16
end_of_record
TN:
SF:parsers.js
FN:5,(anonymous_0)
FNF:1
FNH:1
FNDA:4,(anonymous_0)
DA:5,1
DA:6,4
DA:8,4
DA:10,2
DA:12,0
DA:14,2
DA:16,0
LF:7
LH:5
BRDA:8,0,0,2
BRDA:8,0,1,0
BRDA:8,0,2,2
BRDA:8,0,3,0
BRF:4
BRH:2
end_of_record
